This is pdfTeX, Version 3.1415926-1.40.11 (TeX Live 2010) (format=prv_poster 2011.12.10)  10 DEC 2011 12:58
entering extended mode
 restricted \write18 enabled.
 %&-line parsing enabled.
**&prv_poster _region_.tex
(./_region_.tex
LaTeX2e <2009/09/24>
Babel <v3.8l> and hyphenation patterns for english, dumylang, nohyphenation, ge
rman-x-2009-06-19, ngerman-x-2009-06-19, ancientgreek, ibycus, arabic, armenian
, basque, bulgarian, catalan, pinyin, coptic, croatian, czech, danish, dutch, u
kenglish, usenglishmax, esperanto, estonian, farsi, finnish, french, galician, 
german, ngerman, swissgerman, monogreek, greek, hungarian, icelandic, assamese,
 bengali, gujarati, hindi, kannada, malayalam, marathi, oriya, panjabi, tamil, 
telugu, indonesian, interlingua, irish, italian, kurmanji, lao, latin, latvian,
 lithuanian, mongolian, mongolianlmc, bokmal, nynorsk, polish, portuguese, roma
nian, russian, sanskrit, serbian, slovak, slovenian, spanish, swedish, turkish,
 turkmen, ukrainian, uppersorbian, welsh, loaded.
CUSTOMISED FORMAT. Preloaded files:
        .
  beamer.cls    2010/06/21 development version 3.10 A class for typesetting pre
sentations (rcs-revision a6b1a8434d30)
beamerbasercs.sty    2010/06/12 (rcs-revision c3821710bb40)
beamerbasemodes.sty    2010/05/01 (rcs-revision efa082c6111d)
beamerbasedecode.sty    2010/05/01 (rcs-revision efa082c6111d)
beamerbaseoptions.sty    2010/04/27 (rcs-revision 982469101dd6)
  keyval.sty    1999/03/16 v1.13 key=value parser (DPC)
geometry.sty    2010/07/13 v5.5 Page Geometry
   ifpdf.sty    2010/01/28 v2.1 Provides the ifpdf switch (HO)
  ifvtex.sty    2010/03/01 v1.5 Switches for detecting VTeX and its modes (HO)
  size11.clo    2007/10/19 v1.4h Standard LaTeX file (size option)
 pgfcore.sty    2008/01/15 v2.00 (rcs-revision 1.6)
graphicx.sty    1999/02/16 v1.0f Enhanced LaTeX Graphics (DPC,SPQR)
graphics.sty    2009/02/05 v1.0o Standard LaTeX Graphics (DPC,SPQR)
    trig.sty    1999/03/16 v1.09 sin cos tan (DPC)
graphics.cfg    2010/04/23 v1.9 graphics configuration of TeX Live
  pdftex.def    2010/02/14 v0.04n Graphics/color for pdfTeX
  pgfsys.sty    2008/02/07 v2.00 (rcs-revision 1.31)
  pgfrcs.sty    2008/02/20 v2.00 (rcs-revision 1.21)
  pgfrcs.code.tex
  pgfsys.code.tex
pgfsyssoftpath.code.tex    2008/01/23  (rcs-revision 1.6)
pgfsysprotocol.code.tex    2006/10/16  (rcs-revision 1.4)
  xcolor.sty    2007/01/21 v2.11 LaTeX color extensions (UK)
   color.cfg    2007/01/18 v1.5 color configuration of teTeX/TeXLive
 pgfcore.code.tex
 xxcolor.sty    2003/10/24 ver 0.1
hyperref.sty    2010/06/18 v6.81g Hypertext links for LaTeX
 ltxcmds.sty    2010/04/26 v1.7 LaTeX kernel commands for general use (HO)
kvsetkeys.sty    2010/03/01 v1.9 Key value parser (HO)
infwarerr.sty    2010/04/08 v1.3 Providing info/warning/message (HO)
etexcmds.sty    2010/01/28 v1.3 Prefix for e-TeX command names (HO)
pdfescape.sty    2010/03/01 v1.9 Provides hex, PDF name and string conversions 
(HO)
pdftexcmds.sty    2010/04/01 v0.9 Utility functions of pdfTeX for LuaTeX (HO)
ifluatex.sty    2010/03/01 v1.3 Provides the ifluatex switch (HO)
 ifxetex.sty    2009/01/23 v0.5 Provides ifxetex conditional
 hycolor.sty    2009/12/12 v1.6 Color options of hyperref/bookmark (HO)
xcolor-patch.sty    2009/12/12 xcolor patch
letltxmacro.sty    2008/06/24 v1.3 Let assignment for LaTeX macros (HO)
  pd1enc.def    2010/06/18 v6.81g Hyperref: PDFDocEncoding definition (HO)
 intcalc.sty    2007/09/27 v1.1 Expandable integer calculations (HO)
hyperref.cfg    2002/06/06 v1.2 hyperref configuration of TeXLive
kvoptions.sty    2010/02/22 v3.7 Keyval support for LaTeX options (HO)
     url.sty    2006/04/12  ver 3.3  Verb mode for urls, etc.
  bitset.sty    2007/09/28 v1.0 Data type bit set (HO)
bigintcalc.sty    2007/11/11 v1.1 Expandable big integer calculations (HO)
atbegshi.sty    2010/03/25 v1.12 At begin shipout hook (HO)
 hpdftex.def    2010/06/18 v6.81g Hyperref driver for pdfTeX
atveryend.sty    2010/03/24 v1.5 Hooks at very end of document (HO)
rerunfilecheck.sty    2010/03/16 v1.6 Rerun checks for auxiliary files (HO)
uniquecounter.sty    2009/12/18 v1.1 Provides unlimited unique counter (HO)
beamerbaserequires.sty    2010/05/01  (rcs-revision efa082c6111d)
beamerbasecompatibility.sty    2010/07/12  (rcs-revision 6648c3177e4e)
beamerbasefont.sty    2010/05/10  (rcs-revision cd36e8a33c6b)
 amssymb.sty    2009/06/22 v3.00
amsfonts.sty    2009/06/22 v3.00 Basic AMSFonts support
beamerbasetranslator.sty    2010/06/11  (rcs-revision 85fd1cc7fc42)
translator.sty    2010/06/12 ver 1.10
translator-language-mappings.tex
beamerbasemisc.sty    2010/06/06  (rcs-revision bff0a9294b45)
beamerbasetwoscreens.sty    2010/05/01  (rcs-revision efa082c6111d)
beamerbaseoverlay.sty    2010/05/07  (rcs-revision 5584dad462a9)
beamerbasetitle.sty    2010/06/12  (rcs-revision 717e481ca47a)
beamerbasesection.sty    2010/06/17  (rcs-revision e0d9401bb743)
beamerbaseframe.sty    2010/06/06  (rcs-revision bff0a9294b45)
beamerbaseverbatim.sty    2010/05/01  (rcs-revision efa082c6111d)
beamerbaseframesize.sty    2010/06/27  (rcs-revision 6baa2d92e6f1)
beamerbaseframecomponents.sty    2010/07/12  (rcs-revision 09e82992d9b1)
beamerbasecolor.sty    2010/06/06  (rcs-revision d1a9b48be06d)
beamerbasenotes.sty    2010/05/01  (rcs-revision efa082c6111d)
beamerbasetoc.sty    2010/06/11  (rcs-revision 242ecaa6783b)
beamerbasetemplates.sty    2010/05/01  (rcs-revision efa082c6111d)
beamerbaseauxtemplates.sty    2010/05/01  (rcs-revision efa082c6111d)
beamerbaseboxes.sty    2010/05/01  (rcs-revision efa082c6111d)
beamerbaselocalstructure.sty    2010/06/01  (rcs-revision 81f9e33f7cc2)
enumerate.sty    1999/03/05 v3.00 enumerate extensions (DPC)
beamerbasenavigation.sty    2010/05/01  (rcs-revision efa082c6111d)
beamerbasetheorems.sty    2010/06/06  (rcs-revision 7e7cc5e53e9d)
 amsmath.sty    2000/07/18 v2.13 AMS math features
 amstext.sty    2000/06/29 v2.01
  amsgen.sty    1999/11/30 v2.0
  amsbsy.sty    1999/11/29 v1.2d
  amsopn.sty    1999/12/14 v2.01 operator names
  amsthm.sty    2004/08/06 v2.20
beamerbasethemes.sty    2010/05/01  (rcs-revision efa082c6111d)
beamerthemedefault.sty    2010/06/17  (rcs-revision d02a7cf4d8ae)
beamerfontthemedefault.sty    2010/06/17  (rcs-revision d02a7cf4d8ae)
beamercolorthemedefault.sty    2010/06/17  (rcs-revision d02a7cf4d8ae)
beamerinnerthemedefault.sty    2010/06/17  (rcs-revision d02a7cf4d8ae)
beamerouterthemedefault.sty    2010/06/17  (rcs-revision d02a7cf4d8ae)
beamerthemeI6dv.sty    
   times.sty    2005/04/12 PSNFSS-v9.2a (SPQR) 
latexsym.sty    1998/08/17 v2.2e Standard LaTeX package (lasy symbols)
 exscale.sty    2007/10/29 v2.1h Standard LaTeX package exscale
booktabs.sty    2005/04/14 v1.61803 publication quality tables
   array.sty    2008/09/09 v2.4c Tabular extension package (FMi)
   babel.sty    2008/07/06 v3.8l The Babel package
 english.ldf    2005/03/30 v3.3o English support from the babel system
inputenc.sty    2008/03/30 v1.1d Input encoding file
  latin1.def    2008/03/30 v1.1d Input encoding file
beamerposter.sty    2009/09/02 v.1.10 latex-beamer poster extension
 xkeyval.sty    2008/08/13 v2.6a package option processing (HA)
 xkeyval.tex    2008/08/13 v2.6a key=value parser (HA)
 type1cm.sty    2002/09/05 v0.04 BlueSky/Y&Y Type1 CM font definitions (DPC, pa
tched RF)
      fp.sty    1995/04/02
defpattern.sty    1994/10/12
fp-basic.sty    1996/05/13
fp-addons.sty    1995/03/15
 fp-snap.sty    1995/04/05
  fp-exp.sty    1995/04/03
fp-trigo.sty    1995/04/14
  fp-pas.sty    1994/08/29
fp-random.sty    1995/02/23
  fp-eqn.sty    1995/04/03
  fp-upn.sty    1996/10/21
 fp-eval.sty    1995/04/03
paralist.sty    2002/03/18 v2.3b Extended list environments (BS)
  xspace.sty    2006/05/08 v1.12 Space after command names (DPC,MH)
  ot1pcr.fd    2001/06/04 font definitions for OT1/pcr.
  ot1phv.fd    2001/06/04 scalable font definitions for OT1/phv.
        .
No file _region_.aux.
LaTeX Font Info:    Checking defaults for OML/cmm/m/it on input line 55.
LaTeX Font Info:    ... okay on input line 55.
LaTeX Font Info:    Checking defaults for T1/cmr/m/n on input line 55.
LaTeX Font Info:    ... okay on input line 55.
LaTeX Font Info:    Checking defaults for OT1/cmr/m/n on input line 55.
LaTeX Font Info:    ... okay on input line 55.
LaTeX Font Info:    Checking defaults for OMS/cmsy/m/n on input line 55.
LaTeX Font Info:    ... okay on input line 55.
LaTeX Font Info:    Checking defaults for OMX/cmex/m/n on input line 55.
LaTeX Font Info:    ... okay on input line 55.
LaTeX Font Info:    Checking defaults for U/cmr/m/n on input line 55.
LaTeX Font Info:    ... okay on input line 55.
LaTeX Font Info:    Checking defaults for PD1/pdf/m/n on input line 55.
LaTeX Font Info:    ... okay on input line 55.

(/Applications/Aquamacs.app/Contents/Resources/lisp/aquamacs/edit-modes/auctex/
latex/preview.sty
Package: preview 2010/02/14 11.86 (AUCTeX/preview-latex)

(/Applications/Aquamacs.app/Contents/Resources/lisp/aquamacs/edit-modes/auctex/
latex/prtightpage.def
\PreviewBorder=\dimen199
)
(/Applications/Aquamacs.app/Contents/Resources/lisp/aquamacs/edit-modes/auctex/
latex/prauctex.def
No auxiliary output files.


\hbadness=\count169
\hfuzz=\dimen200

(/Applications/Aquamacs.app/Contents/Resources/lisp/aquamacs/edit-modes/auctex/
latex/prauctex.cfg))
(/Applications/Aquamacs.app/Contents/Resources/lisp/aquamacs/edit-modes/auctex/
latex/prfootnotes.def)
\pr@snippet=\count170
\pr@box=\box52
\pr@output=\toks44

Preview: Fontsize 64.69pt
Preview: PDFoutput 1
)
*geometry* driver: auto-detecting
*geometry* detected driver: pdftex
*geometry* verbose mode - [ preamble ] result:
* driver: pdftex
* paper: custom
* layout: <same size as paper>
* layoutoffset:(h,v)=(0.0pt,0.0pt)
* modes: includehead includefoot 
* h-part:(L,W,R)=(28.45274pt, 8478.92128pt, 28.45274pt)
* v-part:(T,H,B)=(0.0pt, 5690.55118pt, 0.0pt)
* \paperwidth=8535.82677pt
* \paperheight=5690.55118pt
* \textwidth=8478.92128pt
* \textheight=5662.09845pt
* \oddsidemargin=-43.81725pt
* \evensidemargin=-43.81725pt
* \topmargin=-72.26999pt
* \headheight=14.22636pt
* \headsep=0.0pt
* \topskip=11.0pt
* \footskip=14.22636pt
* \marginparwidth=4.0pt
* \marginparsep=10.0pt
* \columnsep=10.0pt
* \skip\footins=10.0pt plus 4.0pt minus 2.0pt
* \hoffset=0.0pt
* \voffset=0.0pt
* \mag=1000
* \@twocolumnfalse
* \@twosidefalse
* \@mparswitchfalse
* \@reversemarginfalse
* (1in=72.27pt=25.4mm, 1cm=28.453pt)

(/usr/local/texlive/2010/texmf-dist/tex/context/base/supp-pdf.mkii
[Loading MPS to PDF converter (version 2006.09.02).]
\scratchcounter=\count171
\scratchdimen=\dimen201
\scratchbox=\box53
\nofMPsegments=\count172
\nofMParguments=\count173
\everyMPshowfont=\toks45
\MPscratchCnt=\count174
\MPscratchDim=\dimen202
\MPnumerator=\count175
\everyMPtoPDFconversion=\toks46
) (/usr/local/texlive/2010/texmf-dist/tex/latex/oberdiek/epstopdf-base.sty
Package: epstopdf-base 2010/02/09 v2.5 Base part for package epstopdf

(/usr/local/texlive/2010/texmf-dist/tex/latex/oberdiek/grfext.sty
Package: grfext 2007/09/30 v1.0 Managing graphics extensions (HO)
)
Package grfext Info: Graphics extension search list:
(grfext)             [.png,.pdf,.jpg,.mps,.jpeg,.jbig2,.jb2,.PNG,.PDF,.JPG,.JPE
G,.JBIG2,.JB2,.eps]
(grfext)             \AppendGraphicsExtensions on input line 436.

(/usr/local/texlive/2010/texmf-dist/tex/latex/latexconfig/epstopdf-sys.cfg
File: epstopdf-sys.cfg 2010/07/13 v1.3 Configuration of (r)epstopdf for TeX Liv
e
))
\AtBeginShipoutBox=\box54
Package hyperref Info: Link coloring OFF on input line 55.

(/usr/local/texlive/2010/texmf-dist/tex/latex/hyperref/nameref.sty
Package: nameref 2010/04/30 v2.40 Cross-referencing by name of section

(/usr/local/texlive/2010/texmf-dist/tex/latex/oberdiek/refcount.sty
Package: refcount 2008/08/11 v3.1 Data extraction from references (HO)
)
(/usr/local/texlive/2010/texmf-dist/tex/generic/oberdiek/gettitlestring.sty
Package: gettitlestring 2009/12/18 v1.3 Cleanup title references (HO)
)
\c@section@level=\count176
)
LaTeX Info: Redefining \ref on input line 55.
LaTeX Info: Redefining \pageref on input line 55.
LaTeX Info: Redefining \nameref on input line 55.
LaTeX Font Info:    Overwriting symbol font `operators' in version `normal'
(Font)                  OT1/cmr/m/n --> OT1/cmss/m/n on input line 55.
LaTeX Font Info:    Overwriting symbol font `operators' in version `bold'
(Font)                  OT1/cmr/bx/n --> OT1/cmss/bx/n on input line 55.
\symnumbers=\mathgroup7
\sympureletters=\mathgroup8
LaTeX Font Info:    Overwriting math alphabet `\mathrm' in version `normal'
(Font)                  OT1/cmss/m/n --> OT1/ptm/m/n on input line 55.
LaTeX Font Info:    Redeclaring math alphabet \mathbf on input line 55.
LaTeX Font Info:    Overwriting math alphabet `\mathbf' in version `normal'
(Font)                  OT1/cmr/bx/n --> OT1/phv/bx/n on input line 55.
LaTeX Font Info:    Overwriting math alphabet `\mathbf' in version `bold'
(Font)                  OT1/cmr/bx/n --> OT1/phv/bx/n on input line 55.
LaTeX Font Info:    Redeclaring math alphabet \mathsf on input line 55.
LaTeX Font Info:    Overwriting math alphabet `\mathsf' in version `normal'
(Font)                  OT1/cmss/m/n --> OT1/phv/m/n on input line 55.
LaTeX Font Info:    Overwriting math alphabet `\mathsf' in version `bold'
(Font)                  OT1/cmss/bx/n --> OT1/phv/m/n on input line 55.
LaTeX Font Info:    Redeclaring math alphabet \mathit on input line 55.
LaTeX Font Info:    Overwriting math alphabet `\mathit' in version `normal'
(Font)                  OT1/cmr/m/it --> OT1/phv/m/it on input line 55.
LaTeX Font Info:    Overwriting math alphabet `\mathit' in version `bold'
(Font)                  OT1/cmr/bx/it --> OT1/phv/m/it on input line 55.
LaTeX Font Info:    Redeclaring math alphabet \mathtt on input line 55.
LaTeX Font Info:    Overwriting math alphabet `\mathtt' in version `normal'
(Font)                  OT1/cmtt/m/n --> OT1/pcr/m/n on input line 55.
LaTeX Font Info:    Overwriting math alphabet `\mathtt' in version `bold'
(Font)                  OT1/cmtt/m/n --> OT1/pcr/m/n on input line 55.
LaTeX Font Info:    Overwriting symbol font `numbers' in version `bold'
(Font)                  OT1/phv/m/n --> OT1/phv/bx/n on input line 55.
LaTeX Font Info:    Overwriting symbol font `pureletters' in version `bold'
(Font)                  OT1/phv/m/it --> OT1/phv/bx/it on input line 55.
LaTeX Font Info:    Overwriting math alphabet `\mathrm' in version `bold'
(Font)                  OT1/cmss/bx/n --> OT1/ptm/bx/n on input line 55.
LaTeX Font Info:    Overwriting math alphabet `\mathbf' in version `bold'
(Font)                  OT1/phv/bx/n --> OT1/phv/bx/n on input line 55.
LaTeX Font Info:    Overwriting math alphabet `\mathsf' in version `bold'
(Font)                  OT1/phv/m/n --> OT1/phv/bx/n on input line 55.
LaTeX Font Info:    Overwriting math alphabet `\mathit' in version `bold'
(Font)                  OT1/phv/m/it --> OT1/phv/bx/it on input line 55.
LaTeX Font Info:    Overwriting math alphabet `\mathtt' in version `bold'
(Font)                  OT1/pcr/m/n --> OT1/pcr/bx/n on input line 55.

(/usr/local/texlive/2010/texmf-dist/tex/latex/beamer/translator/dicts/translato
r-basic-dictionary/translator-basic-dictionary-English.dict
Dictionary: translator-basic-dictionary, Language: English 
)
(/usr/local/texlive/2010/texmf-dist/tex/latex/beamer/translator/dicts/translato
r-bibliography-dictionary/translator-bibliography-dictionary-English.dict
Dictionary: translator-bibliography-dictionary, Language: English 
)
(/usr/local/texlive/2010/texmf-dist/tex/latex/beamer/translator/dicts/translato
r-environment-dictionary/translator-environment-dictionary-English.dict
Dictionary: translator-environment-dictionary, Language: English 
)
(/usr/local/texlive/2010/texmf-dist/tex/latex/beamer/translator/dicts/translato
r-months-dictionary/translator-months-dictionary-English.dict
Dictionary: translator-months-dictionary, Language: English 
)
(/usr/local/texlive/2010/texmf-dist/tex/latex/beamer/translator/dicts/translato
r-numbers-dictionary/translator-numbers-dictionary-English.dict
Dictionary: translator-numbers-dictionary, Language: English 
)
(/usr/local/texlive/2010/texmf-dist/tex/latex/beamer/translator/dicts/translato
r-theorem-dictionary/translator-theorem-dictionary-English.dict
Dictionary: translator-theorem-dictionary, Language: English 
)
 !name(poster.tex) !offset(-3) 
LaTeX Font Info:    Font shape `OT1/phv/bx/n' in size <64.69> not available
(Font)              Font shape `OT1/phv/b/n' tried instead on input line 431.
LaTeX Font Info:    Calculating math sizes for size <37.44> on input line 431.
LaTeX Font Info:    Font shape `OT1/phv/m/it' in size <37.44> not available
(Font)              Font shape `OT1/phv/m/sl' tried instead on input line 431.
LaTeX Font Info:    Font shape `OT1/phv/m/it' in size <26.20789> not available
(Font)              Font shape `OT1/phv/m/sl' tried instead on input line 431.
LaTeX Font Info:    Font shape `OT1/phv/m/it' in size <18.72> not available
(Font)              Font shape `OT1/phv/m/sl' tried instead on input line 431.
LaTeX Font Info:    Calculating math sizes for size <31.2> on input line 431.
LaTeX Font Info:    Font shape `OT1/phv/m/it' in size <31.2> not available
(Font)              Font shape `OT1/phv/m/sl' tried instead on input line 431.
LaTeX Font Info:    Font shape `OT1/phv/m/it' in size <21.83989> not available
(Font)              Font shape `OT1/phv/m/sl' tried instead on input line 431.
LaTeX Font Info:    Font shape `OT1/phv/m/it' in size <15.59999> not available
(Font)              Font shape `OT1/phv/m/sl' tried instead on input line 431.

! Preview: Snippet 1 started.
<-><->
      
l.431 \end{frame}
                 
Not a real error.

LaTeX Font Info:    Calculating math sizes for size <64.69> on input line 431.
LaTeX Font Info:    Font shape `OT1/phv/m/it' in size <64.69> not available
(Font)              Font shape `OT1/phv/m/sl' tried instead on input line 431.
LaTeX Font Info:    Font shape `OT1/phv/m/it' in size <45.28279> not available
(Font)              Font shape `OT1/phv/m/sl' tried instead on input line 431.
LaTeX Font Info:    Font shape `OT1/phv/m/it' in size <32.345> not available
(Font)              Font shape `OT1/phv/m/sl' tried instead on input line 431.
Preview: Tightpage -32891 -32891 32891 32891
! Preview: Snippet 1 ended.(3124531+683824x4007718).
<-><->
      
l.431 \end{frame}
                 
Not a real error.

[1{/usr/local/texlive/2010/texmf-var/fonts/map/pdftex/updmap/pdftex.map}]
! Preview: Snippet 2 started.
<-><->
      
l.431 \end{frame}
                 
Not a real error.

! Preview: Snippet 2 ended.(3063019+0x1305758).
<-><->
      
l.431 \end{frame}
                 
Not a real error.

[2]
! Preview: Snippet 3 started.
<-><->
      
l.431 \end{frame}
                 
Not a real error.

! Preview: Snippet 3 ended.(3063019+1302568x4433333).
<-><->
      
l.431 \end{frame}
                 
Not a real error.

[3]
! Preview: Snippet 4 started.
<-><->
      
l.431 \end{frame}
                 
Not a real error.

! Preview: Snippet 4 ended.(3063019+0x1305758).
<-><->
      
l.431 \end{frame}
                 
Not a real error.

[4]
! Preview: Snippet 5 started.
<-><->
      
l.431 \end{frame}
                 
Not a real error.

! Preview: Snippet 5 ended.(3063019+883924x1305758).
<-><->
      
l.431 \end{frame}
                 
Not a real error.

[5]
! Preview: Snippet 6 started.
<-><->
      
l.431 \end{frame}
                 
Not a real error.

! Preview: Snippet 6 ended.(3175826+1056335x10512179).
<-><->
      
l.431 \end{frame}
                 
Not a real error.

[6]
! Preview: Snippet 7 started.
<-><->
      
l.431 \end{frame}
                 
Not a real error.

! Preview: Snippet 7 ended.(3124531+683824x4007718).
<-><->
      
l.431 \end{frame}
                 
Not a real error.

[7]
! Preview: Snippet 8 started.
<-><->
      
l.431 \end{frame}
                 
Not a real error.

! Preview: Snippet 8 ended.(3175826+1302568x11292977).
<-><->
      
l.431 \end{frame}
                 
Not a real error.

[8]
! Preview: Snippet 9 started.
<-><->
      
l.431 \end{frame}
                 
Not a real error.

! Preview: Snippet 9 ended.(3063019+1302568x4433333).
<-><->
      
l.431 \end{frame}
                 
Not a real error.

[9]
! Preview: Snippet 10 started.
<-><->
      
l.431 \end{frame}
                 
Not a real error.

! Preview: Snippet 10 ended.(3175826+1302568x23573320).
<-><->
      
l.431 \end{frame}
                 
Not a real error.

[10]
! Preview: Snippet 11 started.
<-><->
      
l.431 \end{frame}
                 
Not a real error.

! Preview: Snippet 11 ended.(3124531+683824x4007718).
<-><->
      
l.431 \end{frame}
                 
Not a real error.

[11]
! Preview: Snippet 12 started.
<-><->
      
l.431 \end{frame}
                 
Not a real error.

! Preview: Snippet 12 ended.(3124531+1302568x4007718).
<-><->
      
l.431 \end{frame}
                 
Not a real error.

[12]
! Preview: Snippet 13 started.
<-><->
      
l.431 \end{frame}
                 
Not a real error.

! Preview: Snippet 13 ended.(3175826+1056335x10512179).
<-><->
      
l.431 \end{frame}
                 
Not a real error.

[13]
! Preview: Snippet 14 started.
<-><->
      
l.431 \end{frame}
                 
Not a real error.

! Preview: Snippet 14 ended.(2295666+0x2427067).
<-><->
      
l.431 \end{frame}
                 
Not a real error.

[14]
! Preview: Snippet 15 started.
<-><->
      
l.431 \end{frame}
                 
Not a real error.

LaTeX Font Info:    Font shape `OT1/phv/bx/n' in size <45.28279> not available
(Font)              Font shape `OT1/phv/b/n' tried instead on input line 431.
LaTeX Font Info:    Font shape `OT1/phv/bx/n' in size <32.345> not available
(Font)              Font shape `OT1/phv/b/n' tried instead on input line 431.
! Preview: Snippet 15 ended.(3035489+0x2827729).
<-><->
      
l.431 \end{frame}
                 
Not a real error.

[15]
! Preview: Snippet 16 started.
<-><->
      
l.431 \end{frame}
                 
Not a real error.

Package epstopdf Info: Source file: <images/naivebayes.eps>
(epstopdf)                    date: 2011-03-16 13:46:39
(epstopdf)                    size: 396886 bytes
(epstopdf)             Output file: <images/naivebayes-eps-converted-to.pdf>
(epstopdf)                    date: 2011-03-16 13:46:56
(epstopdf)                    size: 18749 bytes
(epstopdf)             Command: <repstopdf --outfile=images/naivebayes-eps-conv
erted-to.pdf images/naivebayes.eps>
(epstopdf)             \includegraphics on input line 431.
Package epstopdf Info: Output file is already uptodate.
<images/naivebayes-eps-converted-to.pdf, id=63, 363.3575pt x 315.1775pt>
File: images/naivebayes-eps-converted-to.pdf Graphic file (type pdf)

<use images/naivebayes-eps-converted-to.pdf>
! Preview: Snippet 16 ended.(28920301+0x33340305).
<-><->
      
l.431 \end{frame}
                 
Not a real error.

[16 <./images/naivebayes-eps-converted-to.pdf>]

! LaTeX Error: There's no line here to end.

See the LaTeX manual or LaTeX Companion for explanation.
Type  H <return>  for immediate help.
 ...                                              
                                                  
l.431 \end{frame}
                 
Your command was ignored.
Type  I <command> <return>  to replace it with another command,
or  <return>  to continue without it.

LaTeX Font Info:    Font shape `OT1/phv/bx/n' in size <37.44> not available
(Font)              Font shape `OT1/phv/b/n' tried instead on input line 431.
LaTeX Font Info:    Font shape `OT1/phv/bx/n' in size <26.20789> not available
(Font)              Font shape `OT1/phv/b/n' tried instead on input line 431.
LaTeX Font Info:    Font shape `OT1/phv/bx/n' in size <18.72> not available
(Font)              Font shape `OT1/phv/b/n' tried instead on input line 431.
! Preview: Snippet 17 started.
<-><->
      
l.431 \end{frame}
                 
Not a real error.

! Preview: Snippet 17 ended.(3175826+1302568x9917992).
<-><->
      
l.431 \end{frame}
                 
Not a real error.

[17]
! Preview: Snippet 18 started.
<-><->
      
l.431 \end{frame}
                 
Not a real error.

! Preview: Snippet 18 ended.(3124531+683824x4007718).
<-><->
      
l.431 \end{frame}
                 
Not a real error.

[18]
! Preview: Snippet 19 started.
<-><->
      
l.431 \end{frame}
                 
Not a real error.

! Preview: Snippet 19 ended.(3175826+1302568x22119830).
<-><->
      
l.431 \end{frame}
                 
Not a real error.

[19]
! Preview: Snippet 20 started.
<-><->
      
l.431 \end{frame}
                 
Not a real error.

! Preview: Snippet 20 ended.(3063019+883924x24353860).
<-><->
      
l.431 \end{frame}
                 
Not a real error.

[20]
! Preview: Snippet 21 started.
<-><->
      
l.431 \end{frame}
                 
Not a real error.

Package epstopdf Info: Source file: <images/unrolled.eps>
(epstopdf)                    date: 2011-03-16 15:24:36
(epstopdf)                    size: 400531 bytes
(epstopdf)             Output file: <images/unrolled-eps-converted-to.pdf>
(epstopdf)                    date: 2011-03-16 15:24:41
(epstopdf)                    size: 21277 bytes
(epstopdf)             Command: <repstopdf --outfile=images/unrolled-eps-conver
ted-to.pdf images/unrolled.eps>
(epstopdf)             \includegraphics on input line 431.
Package epstopdf Info: Output file is already uptodate.
<images/unrolled-eps-converted-to.pdf, id=88, 768.8725pt x 396.48125pt>
File: images/unrolled-eps-converted-to.pdf Graphic file (type pdf)

<use images/unrolled-eps-converted-to.pdf>
! Preview: Snippet 21 ended.(51586444+0x100023460).
<-><->
      
l.431 \end{frame}
                 
Not a real error.

[21 <./images/unrolled-eps-converted-to.pdf>]

! LaTeX Error: There's no line here to end.

See the LaTeX manual or LaTeX Companion for explanation.
Type  H <return>  for immediate help.
 ...                                              
                                                  
l.431 \end{frame}
                 
Your command was ignored.
Type  I <command> <return>  to replace it with another command,
or  <return>  to continue without it.

! Preview: Snippet 22 started.
<-><->
      
l.431 \end{frame}
                 
Not a real error.

! Preview: Snippet 22 ended.(3175826+1302568x18471919).
<-><->
      
l.431 \end{frame}
                 
Not a real error.

[22]
! Preview: Snippet 23 started.
<-><->
      
l.431 \end{frame}
                 
Not a real error.

! Preview: Snippet 23 ended.(2986709+824348x16109805).
<-><->
      
l.431 \end{frame}
                 
Not a real error.

[23]
! Preview: Snippet 24 started.
<-><->
      
l.431 \end{frame}
                 
Not a real error.

! Preview: Snippet 24 ended.(3952348+2039194x24191299).
<-><->
      
l.431 \end{frame}
                 
Not a real error.

[24]
! Preview: Snippet 25 started.
<-><->
      
l.431 \end{frame}
                 
Not a real error.

! Preview: Snippet 25 ended.(3629175+0x1682765).
<-><->
      
l.431 \end{frame}
                 
Not a real error.

[25]
! Preview: Snippet 26 started.
<-><->
      
l.431 \end{frame}
                 
Not a real error.

LaTeX Font Info:    Calculating math sizes for size <53.92> on input line 431.
LaTeX Font Info:    Font shape `OT1/phv/bx/n' in size <53.92> not available
(Font)              Font shape `OT1/phv/b/n' tried instead on input line 431.
LaTeX Font Info:    Font shape `OT1/phv/bx/n' in size <37.74382> not available
(Font)              Font shape `OT1/phv/b/n' tried instead on input line 431.
LaTeX Font Info:    Font shape `OT1/phv/bx/n' in size <26.95999> not available
(Font)              Font shape `OT1/phv/b/n' tried instead on input line 431.
LaTeX Font Info:    Font shape `OT1/phv/m/it' in size <53.92> not available
(Font)              Font shape `OT1/phv/m/sl' tried instead on input line 431.
LaTeX Font Info:    Font shape `OT1/phv/m/it' in size <37.74382> not available
(Font)              Font shape `OT1/phv/m/sl' tried instead on input line 431.
LaTeX Font Info:    Font shape `OT1/phv/m/it' in size <26.95999> not available
(Font)              Font shape `OT1/phv/m/sl' tried instead on input line 431.
! Preview: Snippet 26 ended.(3024967+0x1408063).
<-><->
      
l.431 \end{frame}
                 
Not a real error.

[26]
! Preview: Snippet 27 started.
<-><->
      
l.431 \end{frame}
                 
Not a real error.

! Preview: Snippet 27 ended.(3175826+1302568x11292977).
<-><->
      
l.431 \end{frame}
                 
Not a real error.

[27]
! Preview: Snippet 28 started.
<-><->
      
l.431 \end{frame}
                 
Not a real error.

! Preview: Snippet 28 ended.(3175826+1302568x11292977).
<-><->
      
l.431 \end{frame}
                 
Not a real error.

[28]
! Preview: Snippet 29 started.
<-><->
      
l.431 \end{frame}
                 
Not a real error.

! Preview: Snippet 29 ended.(3063019+883924x24353860).
<-><->
      
l.431 \end{frame}
                 
Not a real error.

[29]
! Preview: Snippet 30 started.
<-><->
      
l.431 \end{frame}
                 
Not a real error.

! Preview: Snippet 30 ended.(3175826+1302568x17030072).
<-><->
      
l.431 \end{frame}
                 
Not a real error.

[30]
! Preview: Snippet 31 started.
<-><->
      
l.431 \end{frame}
                 
Not a real error.

! Preview: Snippet 31 ended.(3175826+1302568x40043884).
<-><->
      
l.431 \end{frame}
                 
Not a real error.

[31]
! Preview: Snippet 32 started.
<-><->
      
l.431 \end{frame}
                 
Not a real error.

! Preview: Snippet 32 ended.(3175826+1056335x18028742).
<-><->
      
l.431 \end{frame}
                 
Not a real error.

[32]
! Preview: Snippet 33 started.
<-><->
      
l.431 \end{frame}
                 
Not a real error.

! Preview: Snippet 33 ended.(3063019+1302568x4433333).
<-><->
      
l.431 \end{frame}
                 
Not a real error.

[33]
! Preview: Snippet 34 started.
<-><->
      
l.431 \end{frame}
                 
Not a real error.

! Preview: Snippet 34 ended.(3175826+1283918x46099767).
<-><->
      
l.431 \end{frame}
                 
Not a real error.

[34]
! Preview: Snippet 35 started.
<-><->
      
l.431 \end{frame}
                 
Not a real error.

! Preview: Snippet 35 ended.(3063019+0x1305758).
<-><->
      
l.431 \end{frame}
                 
Not a real error.

[35]
! Preview: Snippet 36 started.
<-><->
      
l.431 \end{frame}
                 
Not a real error.

! Undefined control sequence.
<recently read> \psii 
                      
l.431 \end{frame}
                 
The control sequence at the end of the top line
of your error message was never \def'ed. If you have
misspelled it (e.g., `\hobx'), type `I' and the correct
spelling (e.g., `I\hbox'). Otherwise just continue,
and I'll forget about whatever was undefined.

! Preview: Snippet 36 ended.(3175826+1302568x15497034).
<-><->
      
l.431 \end{frame}
                 
Not a real error.

[36]
! Preview: Snippet 37 started.
<-><->
      
l.431 \end{frame}
                 
Not a real error.

! Preview: Snippet 37 ended.(2897004+0x3644824).
<-><->
      
l.431 \end{frame}
                 
Not a real error.

[37]
! Preview: Snippet 38 started.
<-><->
      
l.431 \end{frame}
                 
Not a real error.

! Preview: Snippet 38 ended.(3175826+1056335x10512179).
<-><->
      
l.431 \end{frame}
                 
Not a real error.

[38]
! Preview: Snippet 39 started.
<-><->
      
l.431 \end{frame}
                 
Not a real error.

! Undefined control sequence.
\beamer@doifinframe ...2, y}} \frac 1 M \ell (\bm 
                                                  \theta : \mathcal D) = \fr...
l.431 \end{frame}
                 
The control sequence at the end of the top line
of your error message was never \def'ed. If you have
misspelled it (e.g., `\hobx'), type `I' and the correct
spelling (e.g., `I\hbox'). Otherwise just continue,
and I'll forget about whatever was undefined.

! Preview: Snippet 39 ended.(10033860+0x126879006).
<-><->
      
l.431 \end{frame}
                 
Not a real error.

[39]
! Preview: Snippet 40 started.
<-><->
      
l.431 \end{frame}
                 
Not a real error.

! Preview: Snippet 40 ended.(15262440+0x136776561).
<-><->
      
l.431 \end{frame}
                 
Not a real error.

[40]
! Preview: Snippet 41 started.
<-><->
      
l.431 \end{frame}
                 
Not a real error.

! Preview: Snippet 41 ended.(3175826+1302568x21725808).
<-><->
      
l.431 \end{frame}
                 
Not a real error.

[41]
! Preview: Snippet 42 started.
<-><->
      
l.431 \end{frame}
                 
Not a real error.

! Preview: Snippet 42 ended.(3179643+1302568x21711412).
<-><->
      
l.431 \end{frame}
                 
Not a real error.

[42]
! Preview: Snippet 43 started.
<-><->
      
l.431 \end{frame}
                 
Not a real error.

! Undefined control sequence.
<recently read> \bm 
                    
l.431 \end{frame}
                 
The control sequence at the end of the top line
of your error message was never \def'ed. If you have
misspelled it (e.g., `\hobx'), type `I' and the correct
spelling (e.g., `I\hbox'). Otherwise just continue,
and I'll forget about whatever was undefined.

! Preview: Snippet 43 ended.(2944110+0x2049815).
<-><->
      
l.431 \end{frame}
                 
Not a real error.

[43]
! Preview: Snippet 44 started.
<-><->
      
l.431 \end{frame}
                 
Not a real error.

! Preview: Snippet 44 ended.(3179643+1302568x20695061).
<-><->
      
l.431 \end{frame}
                 
Not a real error.

[44]
! Preview: Snippet 45 started.
<-><->
      
l.431 \end{frame}
                 
Not a real error.

! Preview: Snippet 45 ended.(3175826+1056335x10233026).
<-><->
      
l.431 \end{frame}
                 
Not a real error.

[45]
! Preview: Snippet 46 started.
<-><->
      
l.431 \end{frame}
                 
Not a real error.

! Preview: Snippet 46 ended.(3175826+1302568x10658641).
<-><->
      
l.431 \end{frame}
                 
Not a real error.

[46]
! Preview: Snippet 47 started.
<-><->
      
l.431 \end{frame}
                 
Not a real error.

! Preview: Snippet 47 ended.(3063019+0x1305758).
<-><->
      
l.431 \end{frame}
                 
Not a real error.

[47]
! Preview: Snippet 48 started.
<-><->
      
l.431 \end{frame}
                 
Not a real error.

! Preview: Snippet 48 ended.(3063019+883924x1305758).
<-><->
      
l.431 \end{frame}
                 
Not a real error.

[48]

! Package inputenc Error: Keyboard character used is undefined
(inputenc)                in inputencoding `latin1'.

See the inputenc package documentation for explanation.
Type  H <return>  for immediate help.
 ...                                              
                                                  
l.431 \end{frame}
                 
You need to provide a definition with \DeclareInputText 
or \DeclareInputMath before using this key.


! Package inputenc Error: Keyboard character used is undefined
(inputenc)                in inputencoding `latin1'.

See the inputenc package documentation for explanation.
Type  H <return>  for immediate help.
 ...                                              
                                                  
l.431 \end{frame}
                 
You need to provide a definition with \DeclareInputText 
or \DeclareInputMath before using this key.

LaTeX Font Info:    Font shape `OT1/phv/bx/n' in size <31.2> not available
(Font)              Font shape `OT1/phv/b/n' tried instead on input line 431.
LaTeX Font Info:    Font shape `OT1/phv/bx/n' in size <21.83989> not available
(Font)              Font shape `OT1/phv/b/n' tried instead on input line 431.
LaTeX Font Info:    Font shape `OT1/phv/bx/n' in size <15.59999> not available
(Font)              Font shape `OT1/phv/b/n' tried instead on input line 431.
LaTeX Font Info:    Font shape `OT1/phv/bx/n' in size <111.8> not available
(Font)              Font shape `OT1/phv/b/n' tried instead on input line 431.
LaTeX Font Info:    Font shape `OT1/phv/bx/n' in size <134.16> not available
(Font)              Font shape `OT1/phv/b/n' tried instead on input line 431.
Package epstopdf Info: Source file: <images/logo.eps>
(epstopdf)                    date: 2011-03-16 13:27:30
(epstopdf)                    size: 603159 bytes
(epstopdf)             Output file: <images/logo-eps-converted-to.pdf>
(epstopdf)                    date: 2011-03-16 13:27:39
(epstopdf)                    size: 84322 bytes
(epstopdf)             Command: <repstopdf --outfile=images/logo-eps-converted-
to.pdf images/logo.eps>
(epstopdf)             \includegraphics on input line 431.
Package epstopdf Info: Output file is already uptodate.
<images/logo-eps-converted-to.pdf, id=185, 904.37875pt x 904.37875pt>
File: images/logo-eps-converted-to.pdf Graphic file (type pdf)

<use images/logo-eps-converted-to.pdf>
Package atveryend Info: Empty hook `BeforeClearDocument' on input line 433.
Package atveryend Info: Empty hook `AfterLastShipout' on input line 433.
Package atveryend Info: Executing hook `AtVeryEndDocument' on input line 433.


 *File List*
  beamer.cls    2010/06/21 development version 3.10 A class for typesetting pre
sentations (rcs-revision a6b1a8434d30)
beamerbasercs.sty    2010/06/12 (rcs-revision c3821710bb40)
beamerbasemodes.sty    2010/05/01 (rcs-revision efa082c6111d)
beamerbasedecode.sty    2010/05/01 (rcs-revision efa082c6111d)
beamerbaseoptions.sty    2010/04/27 (rcs-revision 982469101dd6)
  keyval.sty    1999/03/16 v1.13 key=value parser (DPC)
geometry.sty    2010/07/13 v5.5 Page Geometry
   ifpdf.sty    2010/01/28 v2.1 Provides the ifpdf switch (HO)
  ifvtex.sty    2010/03/01 v1.5 Switches for detecting VTeX and its modes (HO)
  size11.clo    2007/10/19 v1.4h Standard LaTeX file (size option)
 pgfcore.sty    2008/01/15 v2.00 (rcs-revision 1.6)
graphicx.sty    1999/02/16 v1.0f Enhanced LaTeX Graphics (DPC,SPQR)
graphics.sty    2009/02/05 v1.0o Standard LaTeX Graphics (DPC,SPQR)
    trig.sty    1999/03/16 v1.09 sin cos tan (DPC)
graphics.cfg    2010/04/23 v1.9 graphics configuration of TeX Live
  pdftex.def    2010/02/14 v0.04n Graphics/color for pdfTeX
  pgfsys.sty    2008/02/07 v2.00 (rcs-revision 1.31)
  pgfrcs.sty    2008/02/20 v2.00 (rcs-revision 1.21)
  pgfrcs.code.tex
  pgfsys.code.tex
pgfsyssoftpath.code.tex    2008/01/23  (rcs-revision 1.6)
pgfsysprotocol.code.tex    2006/10/16  (rcs-revision 1.4)
  xcolor.sty    2007/01/21 v2.11 LaTeX color extensions (UK)
   color.cfg    2007/01/18 v1.5 color configuration of teTeX/TeXLive
 pgfcore.code.tex
 xxcolor.sty    2003/10/24 ver 0.1
hyperref.sty    2010/06/18 v6.81g Hypertext links for LaTeX
 ltxcmds.sty    2010/04/26 v1.7 LaTeX kernel commands for general use (HO)
kvsetkeys.sty    2010/03/01 v1.9 Key value parser (HO)
infwarerr.sty    2010/04/08 v1.3 Providing info/warning/message (HO)
etexcmds.sty    2010/01/28 v1.3 Prefix for e-TeX command names (HO)
pdfescape.sty    2010/03/01 v1.9 Provides hex, PDF name and string conversions 
(HO)
pdftexcmds.sty    2010/04/01 v0.9 Utility functions of pdfTeX for LuaTeX (HO)
ifluatex.sty    2010/03/01 v1.3 Provides the ifluatex switch (HO)
 ifxetex.sty    2009/01/23 v0.5 Provides ifxetex conditional
 hycolor.sty    2009/12/12 v1.6 Color options of hyperref/bookmark (HO)
xcolor-patch.sty    2009/12/12 xcolor patch
letltxmacro.sty    2008/06/24 v1.3 Let assignment for LaTeX macros (HO)
  pd1enc.def    2010/06/18 v6.81g Hyperref: PDFDocEncoding definition (HO)
 intcalc.sty    2007/09/27 v1.1 Expandable integer calculations (HO)
hyperref.cfg    2002/06/06 v1.2 hyperref configuration of TeXLive
kvoptions.sty    2010/02/22 v3.7 Keyval support for LaTeX options (HO)
     url.sty    2006/04/12  ver 3.3  Verb mode for urls, etc.
  bitset.sty    2007/09/28 v1.0 Data type bit set (HO)
bigintcalc.sty    2007/11/11 v1.1 Expandable big integer calculations (HO)
atbegshi.sty    2010/03/25 v1.12 At begin shipout hook (HO)
 hpdftex.def    2010/06/18 v6.81g Hyperref driver for pdfTeX
atveryend.sty    2010/03/24 v1.5 Hooks at very end of document (HO)
rerunfilecheck.sty    2010/03/16 v1.6 Rerun checks for auxiliary files (HO)
uniquecounter.sty    2009/12/18 v1.1 Provides unlimited unique counter (HO)
beamerbaserequires.sty    2010/05/01  (rcs-revision efa082c6111d)
beamerbasecompatibility.sty    2010/07/12  (rcs-revision 6648c3177e4e)
beamerbasefont.sty    2010/05/10  (rcs-revision cd36e8a33c6b)
 amssymb.sty    2009/06/22 v3.00
amsfonts.sty    2009/06/22 v3.00 Basic AMSFonts support
beamerbasetranslator.sty    2010/06/11  (rcs-revision 85fd1cc7fc42)
translator.sty    2010/06/12 ver 1.10
translator-language-mappings.tex
beamerbasemisc.sty    2010/06/06  (rcs-revision bff0a9294b45)
beamerbasetwoscreens.sty    2010/05/01  (rcs-revision efa082c6111d)
beamerbaseoverlay.sty    2010/05/07  (rcs-revision 5584dad462a9)
beamerbasetitle.sty    2010/06/12  (rcs-revision 717e481ca47a)
beamerbasesection.sty    2010/06/17  (rcs-revision e0d9401bb743)
beamerbaseframe.sty    2010/06/06  (rcs-revision bff0a9294b45)
beamerbaseverbatim.sty    2010/05/01  (rcs-revision efa082c6111d)
beamerbaseframesize.sty    2010/06/27  (rcs-revision 6baa2d92e6f1)
beamerbaseframecomponents.sty    2010/07/12  (rcs-revision 09e82992d9b1)
beamerbasecolor.sty    2010/06/06  (rcs-revision d1a9b48be06d)
beamerbasenotes.sty    2010/05/01  (rcs-revision efa082c6111d)
beamerbasetoc.sty    2010/06/11  (rcs-revision 242ecaa6783b)
beamerbasetemplates.sty    2010/05/01  (rcs-revision efa082c6111d)
beamerbaseauxtemplates.sty    2010/05/01  (rcs-revision efa082c6111d)
beamerbaseboxes.sty    2010/05/01  (rcs-revision efa082c6111d)
beamerbaselocalstructure.sty    2010/06/01  (rcs-revision 81f9e33f7cc2)
enumerate.sty    1999/03/05 v3.00 enumerate extensions (DPC)
beamerbasenavigation.sty    2010/05/01  (rcs-revision efa082c6111d)
beamerbasetheorems.sty    2010/06/06  (rcs-revision 7e7cc5e53e9d)
 amsmath.sty    2000/07/18 v2.13 AMS math features
 amstext.sty    2000/06/29 v2.01
  amsgen.sty    1999/11/30 v2.0
  amsbsy.sty    1999/11/29 v1.2d
  amsopn.sty    1999/12/14 v2.01 operator names
  amsthm.sty    2004/08/06 v2.20
beamerbasethemes.sty    2010/05/01  (rcs-revision efa082c6111d)
beamerthemedefault.sty    2010/06/17  (rcs-revision d02a7cf4d8ae)
beamerfontthemedefault.sty    2010/06/17  (rcs-revision d02a7cf4d8ae)
beamercolorthemedefault.sty    2010/06/17  (rcs-revision d02a7cf4d8ae)
beamerinnerthemedefault.sty    2010/06/17  (rcs-revision d02a7cf4d8ae)
beamerouterthemedefault.sty    2010/06/17  (rcs-revision d02a7cf4d8ae)
beamerthemeI6dv.sty    
   times.sty    2005/04/12 PSNFSS-v9.2a (SPQR) 
latexsym.sty    1998/08/17 v2.2e Standard LaTeX package (lasy symbols)
 exscale.sty    2007/10/29 v2.1h Standard LaTeX package exscale
booktabs.sty    2005/04/14 v1.61803 publication quality tables
   array.sty    2008/09/09 v2.4c Tabular extension package (FMi)
   babel.sty    2008/07/06 v3.8l The Babel package
 english.ldf    2005/03/30 v3.3o English support from the babel system
inputenc.sty    2008/03/30 v1.1d Input encoding file
  latin1.def    2008/03/30 v1.1d Input encoding file
beamerposter.sty    2009/09/02 v.1.10 latex-beamer poster extension
 xkeyval.sty    2008/08/13 v2.6a package option processing (HA)
 xkeyval.tex    2008/08/13 v2.6a key=value parser (HA)
 type1cm.sty    2002/09/05 v0.04 BlueSky/Y&Y Type1 CM font definitions (DPC, pa
tched RF)
      fp.sty    1995/04/02
defpattern.sty    1994/10/12
fp-basic.sty    1996/05/13
fp-addons.sty    1995/03/15
 fp-snap.sty    1995/04/05
  fp-exp.sty    1995/04/03
fp-trigo.sty    1995/04/14
  fp-pas.sty    1994/08/29
fp-random.sty    1995/02/23
  fp-eqn.sty    1995/04/03
  fp-upn.sty    1996/10/21
 fp-eval.sty    1995/04/03
paralist.sty    2002/03/18 v2.3b Extended list environments (BS)
  xspace.sty    2006/05/08 v1.12 Space after command names (DPC,MH)
  ot1pcr.fd    2001/06/04 font definitions for OT1/pcr.
  ot1phv.fd    2001/06/04 scalable font definitions for OT1/phv.
        .
 preview.sty    2010/02/14 11.86 (AUCTeX/preview-latex)
prtightpage.def
prauctex.def
prauctex.cfg
prfootnotes.def
supp-pdf.mkii
epstopdf-base.sty    2010/02/09 v2.5 Base part for package epstopdf
  grfext.sty    2007/09/30 v1.0 Managing graphics extensions (HO)
epstopdf-sys.cfg    2010/07/13 v1.3 Configuration of (r)epstopdf for TeX Live
 nameref.sty    2010/04/30 v2.40 Cross-referencing by name of section
refcount.sty    2008/08/11 v3.1 Data extraction from references (HO)
gettitlestring.sty    2009/12/18 v1.3 Cleanup title references (HO)
translator-basic-dictionary-English.dict    
translator-bibliography-dictionary-English.dict    
translator-environment-dictionary-English.dict    
translator-months-dictionary-English.dict    
translator-numbers-dictionary-English.dict    
translator-theorem-dictionary-English.dict    
images/naivebayes-eps-converted-to.pdf
images/unrolled-eps-converted-to.pdf
images/logo-eps-converted-to.pdf
 ***********


LaTeX Font Warning: Some font shapes were not available, defaults substituted.

 ) 
Here is how much of TeX's memory you used:
 1539 strings out of 479824
 31395 string characters out of 2901937
 490088 words of memory out of 3000000
 18253 multiletter control sequences out of 15000+200000
 63688 words of font info for 173 fonts, out of 3000000 for 9000
 714 hyphenation exceptions out of 8191
 35i,20n,54p,209b,1098s stack positions out of 5000i,500n,10000p,200000b,50000s
{/usr/local/texlive/2010/texmf-dist/fonts/enc/dvips/base/8r.enc}</usr/local/t
exlive/2010/texmf-dist/fonts/type1/public/amsfonts/cm/cmex10.pfb></usr/local/te
xlive/2010/texmf-dist/fonts/type1/public/amsfonts/cm/cmmi12.pfb></usr/local/tex
live/2010/texmf-dist/fonts/type1/public/amsfonts/cm/cmss17.pfb></usr/local/texl
ive/2010/texmf-dist/fonts/type1/public/amsfonts/cm/cmsy10.pfb></usr/local/texli
ve/2010/texmf-dist/fonts/type1/urw/helvetic/uhvb8a.pfb></usr/local/texlive/2010
/texmf-dist/fonts/type1/urw/helvetic/uhvr8a.pfb></usr/local/texlive/2010/texmf-
dist/fonts/type1/urw/helvetic/uhvro8a.pfb>
Output written on _region_.pdf (48 pages, 63682 bytes).
PDF statistics:
 213 PDF objects out of 1000 (max. 8388607)
 143 compressed objects within 2 object streams
 0 named destinations out of 1000 (max. 500000)
 48 words of extra memory for PDF output out of 10000 (max. 10000000)

